<?xml version="1.0" encoding="UTF-8"?>
<robot generator="Robot 6.1.1 (Python 3.13.5 on win32)" generated="20251031 01:14:56.642" rpa="false" schemaversion="4">
<suite id="s1" name="Login Test" source="C:\Users\ghepp\Compass_Challenge_Final\src\Web\tests\login_test.robot">
<test id="s1-t1" name="Usuario nao deve logar com credenciais invalidas" line="23">
<kw name="Start Session" library="base" type="SETUP">
<kw name="New Browser" library="Browser">
<arg>browser=chromium</arg>
<arg>headless=False</arg>
<tag>BrowserControl</tag>
<tag>Setter</tag>
<doc>Create a new playwright Browser with specified options.</doc>
<msg timestamp="20251031 01:14:56.933" level="INFO">{"browser": "chromium", "headless": false, "chromiumSandbox": false, "devtools": false, "handleSIGHUP": true, "handleSIGINT": true, "handleSIGTERM": true, "slowMo": 0.0, "timeout": 30000.0, "tracesDir": "C:\\Users\\ghepp\\Compass_Challenge_Final\\browser\\traces\\temp\\10c35866-0ed3-40f3-b780-3a2bf67c060b"}</msg>
<msg timestamp="20251031 01:14:56.951" level="INFO">Starting Browser process C:\Users\ghepp\AppData\Roaming\Python\Python313\site-packages\Browser\wrapper\index.js using at 127.0.0.1:59007</msg>
<msg timestamp="20251031 01:14:58.208" level="INFO">Successfully created browser with options: {"browser":"chromium","headless":false,"chromiumSandbox":false,"devtools":false,"handleSIGHUP":true,"handleSIGINT":true,"handleSIGTERM":true,"slowMo":0,"timeout":30000,"tracesDir":"C:\\Users\\ghepp\\Compass_Challenge_Final\\browser\\traces\\temp\\10c35866-0ed3-40f3-b780-3a2bf67c060b"}</msg>
<status status="PASS" starttime="20251031 01:14:56.933" endtime="20251031 01:14:58.208"/>
</kw>
<kw name="New Page" library="Browser">
<arg>${BASE_URL}</arg>
<tag>BrowserControl</tag>
<tag>Setter</tag>
<doc>Open a new Page.</doc>
<msg timestamp="20251031 01:14:58.653" level="INFO">Successfully initialized new page object and opened url: http://localhost:3002</msg>
<msg timestamp="20251031 01:14:58.653" level="INFO">No context was open. New context was automatically opened when this page is created.</msg>
<status status="PASS" starttime="20251031 01:14:58.208" endtime="20251031 01:14:58.653"/>
</kw>
<status status="PASS" starttime="20251031 01:14:56.932" endtime="20251031 01:14:58.653"/>
</kw>
<kw name="Create Dictionary" library="BuiltIn">
<var>${user}</var>
<arg>name=Nome Atualizado Robot</arg>
<arg>email=admin@example.com</arg>
<arg>password=wrongpassword</arg>
<doc>Creates and returns a dictionary based on the given ``items``.</doc>
<msg timestamp="20251031 01:14:58.654" level="INFO">${user} = {'name': 'Nome Atualizado Robot', 'email': 'admin@example.com', 'password': 'wrongpassword'}</msg>
<status status="PASS" starttime="20251031 01:14:58.653" endtime="20251031 01:14:58.654"/>
</kw>
<kw name="Go to Login page" library="HomePage">
<kw name="Click" library="Browser">
<arg>role=navigation &gt;&gt; role=link[name="Login"]</arg>
<tag>PageContent</tag>
<tag>Setter</tag>
<doc>Simulates mouse click on the element found by ``selector``.</doc>
<msg timestamp="20251031 01:14:58.655" level="INFO">Clicks the element 'role=navigation &gt;&gt; role=link[name="Login"]'.</msg>
<status status="PASS" starttime="20251031 01:14:58.654" endtime="20251031 01:14:58.933"/>
</kw>
<kw name="Wait For Elements State" library="Browser">
<arg>role=heading[name="Login"]</arg>
<arg>visible</arg>
<tag>PageContent</tag>
<tag>Wait</tag>
<doc>Waits for the element found by ``selector`` to satisfy state option.</doc>
<msg timestamp="20251031 01:14:58.942" level="INFO">Waited for Element with selector role=heading[name="Login"] at state visible</msg>
<status status="PASS" starttime="20251031 01:14:58.934" endtime="20251031 01:14:58.943"/>
</kw>
<status status="PASS" starttime="20251031 01:14:58.654" endtime="20251031 01:14:58.943"/>
</kw>
<kw name="Submit login from" library="LoginPage">
<arg>${user}</arg>
<kw name="Fill Text" library="Browser">
<arg>id=email</arg>
<arg>${user['email']}</arg>
<tag>PageContent</tag>
<tag>Setter</tag>
<doc>Clears and fills the given ``txt`` into the text field found by ``selector``.</doc>
<msg timestamp="20251031 01:14:58.944" level="INFO">Fills the text 'admin@example.com' in the given field.</msg>
<status status="PASS" starttime="20251031 01:14:58.943" endtime="20251031 01:14:58.960"/>
</kw>
<kw name="Fill Text" library="Browser">
<arg>id=password</arg>
<arg>${user['password']}</arg>
<tag>PageContent</tag>
<tag>Setter</tag>
<doc>Clears and fills the given ``txt`` into the text field found by ``selector``.</doc>
<msg timestamp="20251031 01:14:58.962" level="INFO">Fills the text 'wrongpassword' in the given field.</msg>
<status status="PASS" starttime="20251031 01:14:58.961" endtime="20251031 01:14:58.974"/>
</kw>
<kw name="Click" library="Browser">
<arg>xpath=//button[contains(text(), "Entrar")]</arg>
<tag>PageContent</tag>
<tag>Setter</tag>
<doc>Simulates mouse click on the element found by ``selector``.</doc>
<msg timestamp="20251031 01:14:58.975" level="INFO">Clicks the element 'xpath=//button[contains(text(), "Entrar")]'.</msg>
<status status="PASS" starttime="20251031 01:14:58.974" endtime="20251031 01:14:59.032"/>
</kw>
<kw name="Sleep" library="BuiltIn">
<arg>2s</arg>
<doc>Pauses the test executed for the given time.</doc>
<msg timestamp="20251031 01:15:01.033" level="INFO">Slept 2 seconds</msg>
<status status="PASS" starttime="20251031 01:14:59.033" endtime="20251031 01:15:01.034"/>
</kw>
<status status="PASS" starttime="20251031 01:14:58.943" endtime="20251031 01:15:01.034"/>
</kw>
<kw name="Take Screenshot" library="Browser" type="TEARDOWN">
<tag>PageContent</tag>
<doc>Takes a screenshot of the current window or element and saves it to disk.</doc>
<msg timestamp="20251031 01:15:01.226" level="INFO" html="true">&lt;/td&gt;&lt;/tr&gt;&lt;tr&gt;&lt;td colspan="3"&gt;&lt;a href="browser/screenshot/robotframework-browser-screenshot-1.png" target="_blank"&gt;&lt;img src="browser/screenshot/robotframework-browser-screenshot-1.png" width="800px"/&gt;&lt;/a&gt;</msg>
<status status="PASS" starttime="20251031 01:15:01.034" endtime="20251031 01:15:01.226"/>
</kw>
<status status="PASS" starttime="20251031 01:14:56.932" endtime="20251031 01:15:01.226"/>
</test>
<doc>Cenários de autenticação - Signup</doc>
<status status="PASS" starttime="20251031 01:14:56.643" endtime="20251031 01:15:01.285"/>
</suite>
<statistics>
<total>
<stat pass="1" fail="0" skip="0">All Tests</stat>
</total>
<tag>
</tag>
<suite>
<stat pass="1" fail="0" skip="0" id="s1" name="Login Test">Login Test</stat>
</suite>
</statistics>
<errors>
</errors>
</robot>
