<?xml version="1.0" encoding="UTF-8"?>
<robot generator="Robot 6.1.1 (Python 3.13.5 on win32)" generated="20251030 02:26:17.247" rpa="false" schemaversion="4">
<suite id="s1" name="Checkout Test" source="C:\Users\ghepp\Compass_Challenge_Final\src\Web\tests\checkout_test.robot">
<test id="s1-t1" name="Fazer Reservas" line="13">
<kw name="Start Session" library="base" type="SETUP">
<kw name="New Browser" library="Browser">
<arg>browser=chromium</arg>
<arg>headless=False</arg>
<tag>BrowserControl</tag>
<tag>Setter</tag>
<doc>Create a new playwright Browser with specified options.</doc>
<msg timestamp="20251030 02:26:17.557" level="INFO">{"browser": "chromium", "headless": false, "chromiumSandbox": false, "devtools": false, "handleSIGHUP": true, "handleSIGINT": true, "handleSIGTERM": true, "slowMo": 0.0, "timeout": 30000.0, "tracesDir": "C:\\Users\\ghepp\\Compass_Challenge_Final\\browser\\traces\\temp\\e9d704e5-bb55-4a6b-af87-7d879aa03a8b"}</msg>
<msg timestamp="20251030 02:26:17.590" level="INFO">Starting Browser process C:\Users\ghepp\AppData\Roaming\Python\Python313\site-packages\Browser\wrapper\index.js using at 127.0.0.1:50156</msg>
<msg timestamp="20251030 02:26:19.818" level="INFO">Successfully created browser with options: {"browser":"chromium","headless":false,"chromiumSandbox":false,"devtools":false,"handleSIGHUP":true,"handleSIGINT":true,"handleSIGTERM":true,"slowMo":0,"timeout":30000,"tracesDir":"C:\\Users\\ghepp\\Compass_Challenge_Final\\browser\\traces\\temp\\e9d704e5-bb55-4a6b-af87-7d879aa03a8b"}</msg>
<status status="PASS" starttime="20251030 02:26:17.557" endtime="20251030 02:26:19.818"/>
</kw>
<kw name="New Page" library="Browser">
<arg>${BASE_URL}</arg>
<tag>BrowserControl</tag>
<tag>Setter</tag>
<doc>Open a new Page.</doc>
<msg timestamp="20251030 02:26:21.483" level="INFO">Successfully initialized new page object and opened url: http://localhost:3002</msg>
<msg timestamp="20251030 02:26:21.483" level="INFO">No context was open. New context was automatically opened when this page is created.</msg>
<status status="PASS" starttime="20251030 02:26:19.819" endtime="20251030 02:26:21.483"/>
</kw>
<status status="PASS" starttime="20251030 02:26:17.556" endtime="20251030 02:26:21.483"/>
</kw>
<kw name="Create Dictionary" library="BuiltIn">
<var>${user}</var>
<arg>name=Nome Atualizado Robot</arg>
<arg>email=admin@example.com</arg>
<arg>password=password123</arg>
<doc>Creates and returns a dictionary based on the given ``items``.</doc>
<msg timestamp="20251030 02:26:21.484" level="INFO">${user} = {'name': 'Nome Atualizado Robot', 'email': 'admin@example.com', 'password': 'password123'}</msg>
<status status="PASS" starttime="20251030 02:26:21.483" endtime="20251030 02:26:21.484"/>
</kw>
<kw name="Go to Login page" library="HomePage">
<kw name="Go To" library="Browser">
<arg>${BASE_URL}/login</arg>
<tag>BrowserControl</tag>
<tag>Setter</tag>
<doc>Navigates to the given ``url``.</doc>
<msg timestamp="20251030 02:26:21.665" level="INFO">Successfully opened URL http://localhost:3002/login</msg>
<status status="PASS" starttime="20251030 02:26:21.484" endtime="20251030 02:26:21.665"/>
</kw>
<kw name="Wait For Elements State" library="Browser">
<arg>role=heading[name="Login"]</arg>
<arg>visible</arg>
<tag>PageContent</tag>
<tag>Wait</tag>
<doc>Waits for the element found by ``selector`` to satisfy state option.</doc>
<msg timestamp="20251030 02:26:21.940" level="INFO">Waited for Element with selector role=heading[name="Login"] at state visible</msg>
<status status="PASS" starttime="20251030 02:26:21.665" endtime="20251030 02:26:21.940"/>
</kw>
<status status="PASS" starttime="20251030 02:26:21.484" endtime="20251030 02:26:21.940"/>
</kw>
<kw name="Submit login from" library="LoginPage">
<arg>${user}</arg>
<kw name="Fill Text" library="Browser">
<arg>id=email</arg>
<arg>${user['email']}</arg>
<tag>PageContent</tag>
<tag>Setter</tag>
<doc>Clears and fills the given ``txt`` into the text field found by ``selector``.</doc>
<msg timestamp="20251030 02:26:21.941" level="INFO">Fills the text 'admin@example.com' in the given field.</msg>
<status status="PASS" starttime="20251030 02:26:21.941" endtime="20251030 02:26:22.002"/>
</kw>
<kw name="Fill Text" library="Browser">
<arg>id=password</arg>
<arg>${user['password']}</arg>
<tag>PageContent</tag>
<tag>Setter</tag>
<doc>Clears and fills the given ``txt`` into the text field found by ``selector``.</doc>
<msg timestamp="20251030 02:26:22.003" level="INFO">Fills the text 'password123' in the given field.</msg>
<status status="PASS" starttime="20251030 02:26:22.002" endtime="20251030 02:26:22.067"/>
</kw>
<kw name="Click" library="Browser">
<arg>xpath=//button[contains(text(), "Entrar")]</arg>
<tag>PageContent</tag>
<tag>Setter</tag>
<doc>Simulates mouse click on the element found by ``selector``.</doc>
<msg timestamp="20251030 02:26:22.068" level="INFO">Clicks the element 'xpath=//button[contains(text(), "Entrar")]'.</msg>
<status status="PASS" starttime="20251030 02:26:22.067" endtime="20251030 02:26:22.192"/>
</kw>
<kw name="Sleep" library="BuiltIn">
<arg>2s</arg>
<doc>Pauses the test executed for the given time.</doc>
<msg timestamp="20251030 02:26:24.193" level="INFO">Slept 2 seconds</msg>
<status status="PASS" starttime="20251030 02:26:22.192" endtime="20251030 02:26:24.193"/>
</kw>
<status status="PASS" starttime="20251030 02:26:21.940" endtime="20251030 02:26:24.193"/>
</kw>
<kw name="Notice should be" library="notice">
<arg>Login realizado com sucesso!</arg>
<kw name="Wait For Elements State" library="Browser">
<arg>text=${expected_message}</arg>
<arg>visible</arg>
<tag>PageContent</tag>
<tag>Wait</tag>
<doc>Waits for the element found by ``selector`` to satisfy state option.</doc>
<msg timestamp="20251030 02:26:24.204" level="INFO">Waited for Element with selector text=Login realizado com sucesso! at state visible</msg>
<status status="PASS" starttime="20251030 02:26:24.194" endtime="20251030 02:26:24.204"/>
</kw>
<status status="PASS" starttime="20251030 02:26:24.193" endtime="20251030 02:26:24.204"/>
</kw>
<kw name="Go To Filmes em Cartaz" library="HomePage">
<kw name="Go To" library="Browser">
<arg>${BASE_URL}/movies</arg>
<tag>BrowserControl</tag>
<tag>Setter</tag>
<doc>Navigates to the given ``url``.</doc>
<msg timestamp="20251030 02:26:24.286" level="INFO">Successfully opened URL http://localhost:3002/movies</msg>
<status status="PASS" starttime="20251030 02:26:24.205" endtime="20251030 02:26:24.286"/>
</kw>
<kw name="Wait For Elements State" library="Browser">
<arg>role=heading[name="Filmes em Cartaz"]</arg>
<arg>visible</arg>
<tag>PageContent</tag>
<tag>Wait</tag>
<doc>Waits for the element found by ``selector`` to satisfy state option.</doc>
<msg timestamp="20251030 02:26:24.378" level="INFO">Waited for Element with selector role=heading[name="Filmes em Cartaz"] at state visible</msg>
<status status="PASS" starttime="20251030 02:26:24.286" endtime="20251030 02:26:24.378"/>
</kw>
<status status="PASS" starttime="20251030 02:26:24.204" endtime="20251030 02:26:24.379"/>
</kw>
<kw name="Verificar filme na lista" library="Movies">
<arg>Inception</arg>
<kw name="Set Variable" library="BuiltIn">
<var>${element}</var>
<arg>xpath=//h3[text()="${movie_title}"]</arg>
<doc>Returns the given values which can then be assigned to a variables.</doc>
<msg timestamp="20251030 02:26:24.381" level="INFO">${element} = xpath=//h3[text()="Inception"]</msg>
<status status="PASS" starttime="20251030 02:26:24.381" endtime="20251030 02:26:24.381"/>
</kw>
<kw name="Wait For Elements State" library="Browser">
<arg>${element}</arg>
<arg>visible</arg>
<arg>5</arg>
<tag>PageContent</tag>
<tag>Wait</tag>
<doc>Waits for the element found by ``selector`` to satisfy state option.</doc>
<msg timestamp="20251030 02:26:24.457" level="INFO">Waited for Element with selector xpath=//h3[text()="Inception"] at state visible</msg>
<status status="PASS" starttime="20251030 02:26:24.382" endtime="20251030 02:26:24.457"/>
</kw>
<kw name="Get Text" library="Browser">
<arg>${element}</arg>
<arg>equal</arg>
<arg>${movie_title}</arg>
<tag>Assertion</tag>
<tag>Getter</tag>
<tag>PageContent</tag>
<doc>Returns text attribute of the element found by ``selector``.</doc>
<msg timestamp="20251030 02:26:24.500" level="INFO">Text: 'Inception'</msg>
<status status="PASS" starttime="20251030 02:26:24.457" endtime="20251030 02:26:24.500"/>
</kw>
<status status="PASS" starttime="20251030 02:26:24.380" endtime="20251030 02:26:24.500"/>
</kw>
<kw name="Selecionar Filme para fazer reserva" library="Movies">
<arg>Inception</arg>
<kw name="Click" library="Browser">
<arg>xpath=//div[contains(@class, 'movie-card') and .//*[contains(text(), '${movie_title}')]]//a[contains(text(), 'Ver Detalhes')]</arg>
<tag>PageContent</tag>
<tag>Setter</tag>
<doc>Simulates mouse click on the element found by ``selector``.</doc>
<msg timestamp="20251030 02:26:24.501" level="INFO">Clicks the element 'xpath=//div[contains(@class, 'movie-card') and .//*[contains(text(), 'Inception')]]//a[contains(text(), 'Ver Detalhes')]'.</msg>
<status status="PASS" starttime="20251030 02:26:24.501" endtime="20251030 02:26:24.613"/>
</kw>
<kw name="Wait For Elements State" library="Browser">
<arg>role=heading[name="${movie_title}"]</arg>
<arg>visible</arg>
<tag>PageContent</tag>
<tag>Wait</tag>
<doc>Waits for the element found by ``selector`` to satisfy state option.</doc>
<msg timestamp="20251030 02:26:24.929" level="INFO">Waited for Element with selector role=heading[name="Inception"] at state visible</msg>
<status status="PASS" starttime="20251030 02:26:24.614" endtime="20251030 02:26:24.930"/>
</kw>
<status status="PASS" starttime="20251030 02:26:24.500" endtime="20251030 02:26:24.930"/>
</kw>
<kw name="Entrar na sessão disponivel" library="SessionPage">
<arg>12:00</arg>
<arg>Inception</arg>
<kw name="Click" library="Browser">
<arg>xpath=(//div[contains(@class, 'session-time') and contains(normalize-space(.), '${session_time}')]/ancestor::div[contains(@class, 'session-card')]//a[contains(text(), 'Selecionar Assentos')])[1]</arg>
<tag>PageContent</tag>
<tag>Setter</tag>
<doc>Simulates mouse click on the element found by ``selector``.</doc>
<msg timestamp="20251030 02:26:24.932" level="INFO">Clicks the element 'xpath=(//div[contains(@class, 'session-time') and contains(normalize-space(.), '12:00')]/ancestor::div[contains(@class, 'session-card')]//a[contains(text(), 'Selecionar Assentos')])[1]'.</msg>
<status status="PASS" starttime="20251030 02:26:24.931" endtime="20251030 02:26:26.057"/>
</kw>
<kw name="Wait For Elements State" library="Browser">
<arg>role=heading[name="${movie_title}"]</arg>
<arg>visible</arg>
<tag>PageContent</tag>
<tag>Wait</tag>
<doc>Waits for the element found by ``selector`` to satisfy state option.</doc>
<msg timestamp="20251030 02:26:26.115" level="INFO">Waited for Element with selector role=heading[name="Inception"] at state visible</msg>
<status status="PASS" starttime="20251030 02:26:26.057" endtime="20251030 02:26:26.115"/>
</kw>
<status status="PASS" starttime="20251030 02:26:24.931" endtime="20251030 02:26:26.115"/>
</kw>
<kw name="Verificar se a pagina de assentos está aberta" library="SessionPage">
<kw name="Wait For Elements State" library="Browser">
<arg>role=heading[name="Assentos Selecionados:"]</arg>
<arg>visible</arg>
<tag>PageContent</tag>
<tag>Wait</tag>
<doc>Waits for the element found by ``selector`` to satisfy state option.</doc>
<msg timestamp="20251030 02:26:26.123" level="INFO">Waited for Element with selector role=heading[name="Assentos Selecionados:"] at state visible</msg>
<status status="PASS" starttime="20251030 02:26:26.116" endtime="20251030 02:26:26.123"/>
</kw>
<kw name="Wait For Elements State" library="Browser">
<arg>xpath=(//button[contains(@class, 'seat available')])[1]</arg>
<arg>visible</arg>
<tag>PageContent</tag>
<tag>Wait</tag>
<doc>Waits for the element found by ``selector`` to satisfy state option.</doc>
<msg timestamp="20251030 02:26:26.127" level="INFO">Waited for Element with selector xpath=(//button[contains(@class, 'seat available')])[1] at state visible</msg>
<status status="PASS" starttime="20251030 02:26:26.123" endtime="20251030 02:26:26.127"/>
</kw>
<status status="PASS" starttime="20251030 02:26:26.116" endtime="20251030 02:26:26.128"/>
</kw>
<kw name="Seleciona assentos na sessão" library="SessionPage">
<arg>A</arg>
<arg>5</arg>
<kw name="Set Variable" library="BuiltIn">
<var>${seat_title}</var>
<arg>Fileira ${row}, Assento ${number} - Status: available</arg>
<doc>Returns the given values which can then be assigned to a variables.</doc>
<msg timestamp="20251030 02:26:26.129" level="INFO">${seat_title} = Fileira A, Assento 5 - Status: available</msg>
<status status="PASS" starttime="20251030 02:26:26.128" endtime="20251030 02:26:26.129"/>
</kw>
<kw name="Click" library="Browser">
<arg>button[title="${seat_title}"]</arg>
<tag>PageContent</tag>
<tag>Setter</tag>
<doc>Simulates mouse click on the element found by ``selector``.</doc>
<msg timestamp="20251030 02:26:26.129" level="INFO">Clicks the element 'button[title="Fileira A, Assento 5 - Status: available"]'.</msg>
<status status="PASS" starttime="20251030 02:26:26.129" endtime="20251030 02:26:26.200"/>
</kw>
<status status="PASS" starttime="20251030 02:26:26.128" endtime="20251030 02:26:26.201"/>
</kw>
<kw name="Seleciona assentos na sessão" library="SessionPage">
<arg>A</arg>
<arg>6</arg>
<kw name="Set Variable" library="BuiltIn">
<var>${seat_title}</var>
<arg>Fileira ${row}, Assento ${number} - Status: available</arg>
<doc>Returns the given values which can then be assigned to a variables.</doc>
<msg timestamp="20251030 02:26:26.202" level="INFO">${seat_title} = Fileira A, Assento 6 - Status: available</msg>
<status status="PASS" starttime="20251030 02:26:26.202" endtime="20251030 02:26:26.202"/>
</kw>
<kw name="Click" library="Browser">
<arg>button[title="${seat_title}"]</arg>
<tag>PageContent</tag>
<tag>Setter</tag>
<doc>Simulates mouse click on the element found by ``selector``.</doc>
<msg timestamp="20251030 02:26:26.202" level="INFO">Clicks the element 'button[title="Fileira A, Assento 6 - Status: available"]'.</msg>
<status status="PASS" starttime="20251030 02:26:26.202" endtime="20251030 02:26:26.265"/>
</kw>
<status status="PASS" starttime="20251030 02:26:26.201" endtime="20251030 02:26:26.265"/>
</kw>
<kw name="Confirmar reserva de assentos" library="SessionPage">
<kw name="Click" library="Browser">
<arg>role=button[name="Continuar para Pagamento"]</arg>
<tag>PageContent</tag>
<tag>Setter</tag>
<doc>Simulates mouse click on the element found by ``selector``.</doc>
<msg timestamp="20251030 02:26:26.266" level="INFO">Clicks the element 'role=button[name="Continuar para Pagamento"]'.</msg>
<status status="PASS" starttime="20251030 02:26:26.266" endtime="20251030 02:26:26.335"/>
</kw>
<status status="PASS" starttime="20251030 02:26:26.265" endtime="20251030 02:26:26.335"/>
</kw>
<kw name="Selecionar metodo de pagamento" library="CheckoutPage">
<arg>Cartão de Crédito</arg>
<kw name="Click" library="Browser">
<arg>css=.payment-method &gt;&gt; text=${payment_method}</arg>
<tag>PageContent</tag>
<tag>Setter</tag>
<doc>Simulates mouse click on the element found by ``selector``.</doc>
<msg timestamp="20251030 02:26:26.337" level="INFO">Clicks the element 'css=.payment-method &gt;&gt; text=Cartão de Crédito'.</msg>
<status status="PASS" starttime="20251030 02:26:26.337" endtime="20251030 02:26:26.374"/>
</kw>
<status status="PASS" starttime="20251030 02:26:26.336" endtime="20251030 02:26:26.374"/>
</kw>
<kw name="Finalizar compra" library="CheckoutPage">
<kw name="Click" library="Browser">
<arg>role=button[name="Finalizar Compra"]</arg>
<tag>PageContent</tag>
<tag>Setter</tag>
<doc>Simulates mouse click on the element found by ``selector``.</doc>
<msg timestamp="20251030 02:26:26.375" level="INFO">Clicks the element 'role=button[name="Finalizar Compra"]'.</msg>
<status status="PASS" starttime="20251030 02:26:26.375" endtime="20251030 02:26:26.422"/>
</kw>
<status status="PASS" starttime="20251030 02:26:26.374" endtime="20251030 02:26:26.422"/>
</kw>
<kw name="Notice should be" library="notice">
<arg>Reserva Confirmada!</arg>
<kw name="Wait For Elements State" library="Browser">
<arg>text=${expected_message}</arg>
<arg>visible</arg>
<tag>PageContent</tag>
<tag>Wait</tag>
<doc>Waits for the element found by ``selector`` to satisfy state option.</doc>
<msg timestamp="20251030 02:26:26.527" level="INFO">Waited for Element with selector text=Reserva Confirmada! at state visible</msg>
<status status="PASS" starttime="20251030 02:26:26.423" endtime="20251030 02:26:26.527"/>
</kw>
<status status="PASS" starttime="20251030 02:26:26.423" endtime="20251030 02:26:26.527"/>
</kw>
<kw name="Take Screenshot" library="Browser" type="TEARDOWN">
<tag>PageContent</tag>
<doc>Takes a screenshot of the current window or element and saves it to disk.</doc>
<msg timestamp="20251030 02:26:26.667" level="INFO" html="true">&lt;/td&gt;&lt;/tr&gt;&lt;tr&gt;&lt;td colspan="3"&gt;&lt;a href="browser/screenshot/robotframework-browser-screenshot-1.png" target="_blank"&gt;&lt;img src="browser/screenshot/robotframework-browser-screenshot-1.png" width="800px"/&gt;&lt;/a&gt;</msg>
<status status="PASS" starttime="20251030 02:26:26.527" endtime="20251030 02:26:26.667"/>
</kw>
<status status="PASS" starttime="20251030 02:26:17.555" endtime="20251030 02:26:26.667"/>
</test>
<doc>Teste da pagina de filmes</doc>
<status status="PASS" starttime="20251030 02:26:17.248" endtime="20251030 02:26:26.772"/>
</suite>
<statistics>
<total>
<stat pass="1" fail="0" skip="0">All Tests</stat>
</total>
<tag>
</tag>
<suite>
<stat pass="1" fail="0" skip="0" id="s1" name="Checkout Test">Checkout Test</stat>
</suite>
</statistics>
<errors>
</errors>
</robot>
